[+] Containers:
 |- [+] Container: /Game/Map/MarbleMap_default
 |   |- [+] ActorDescs:
 |   |   |- Guid:0D35782F46679B9B2154A48B591338B8 NativeClass:/Script/Engine.StaticMeshActor Name:StaticMeshActor_UAID_7085C2A944C96A7501_1172887393 Label:SM_SlopeLow SpatiallyLoaded:true EditorBounds:IsValid=true, Min=(X=900.000 Y=100.000 Z=20.000), Max=(X=1100.000 Y=900.000 Z=344.659) RuntimeBounds:IsValid=true, Min=(X=900.000 Y=100.000 Z=20.000), Max=(X=1100.000 Y=900.000 Z=344.659) RuntimeGrid:None EditorOnly:false RuntimeOnly:false HLODRelevant:true ListedInSceneOutliner:true IsMainWorldOnly:false
 |   |   |- Guid:15D75BA040CE2FB4693A3CAE3DBA66B6 NativeClass:/Script/Engine.StaticMeshActor Name:StaticMeshActor_UAID_7085C2A944C9697501_1802707201 Label:SM_Curve2_112Big SpatiallyLoaded:true EditorBounds:IsValid=true, Min=(X=2020.402 Y=2800.000 Z=20.032), Max=(X=2850.000 Y=3000.000 Z=620.000) RuntimeBounds:IsValid=true, Min=(X=2020.402 Y=2800.000 Z=20.032), Max=(X=2850.000 Y=3000.000 Z=620.000) RuntimeGrid:None EditorOnly:false RuntimeOnly:false HLODRelevant:true ListedInSceneOutliner:true IsMainWorldOnly:false
 |   |   |- Guid:2EBE80C8428211C9981775A4FF373CEE NativeClass:/Script/Engine.StaticMeshActor Name:StaticMeshActor_0 Label:SM_Cube5 SpatiallyLoaded:true EditorBounds:IsValid=true, Min=(X=-0.000 Y=100.000 Z=0.000), Max=(X=100.000 Y=3400.000 Z=400.000) RuntimeBounds:IsValid=true, Min=(X=-0.000 Y=100.000 Z=0.000), Max=(X=100.000 Y=3400.000 Z=400.000) RuntimeGrid:None EditorOnly:false RuntimeOnly:false HLODRelevant:true ListedInSceneOutliner:true IsMainWorldOnly:false FolderPath:Playground FolderGuid:C73F09FC4215536B1DCE2A9E0A830C70
 |   |   |- Guid:2EDBEFA44C3D683D67A87B8A0C43DD15 NativeClass:/Script/Engine.TextRenderActor Name:TextRenderActor_1 Label:TextRenderActor SpatiallyLoaded:true EditorBounds:IsValid=true, Min=(X=-0.100 Y=1100.000 Z=65.013), Max=(X=-0.100 Y=2392.308 Z=215.013) RuntimeBounds:IsValid=true, Min=(X=-0.100 Y=1100.000 Z=65.013), Max=(X=-0.100 Y=2392.308 Z=215.013) RuntimeGrid:None EditorOnly:false RuntimeOnly:false HLODRelevant:false ListedInSceneOutliner:true IsMainWorldOnly:false
 |   |   |- Guid:314CCABE48525A57B87ACD98A2D89528 NativeClass:/Script/Engine.StaticMeshActor Name:StaticMeshActor_UAID_7085C2A944C9697501_1843576205 Label:SM_DownSmall SpatiallyLoaded:true EditorBounds:IsValid=true, Min=(X=2400.000 Y=1400.000 Z=50.000), Max=(X=2600.000 Y=1600.000 Z=150.000) RuntimeBounds:IsValid=true, Min=(X=2400.000 Y=1400.000 Z=50.000), Max=(X=2600.000 Y=1600.000 Z=150.000) RuntimeGrid:None EditorOnly:false RuntimeOnly:false HLODRelevant:true ListedInSceneOutliner:true IsMainWorldOnly:false
 |   |   |- Guid:3AF5D01E4EE652DA496F9AA6B5E6838D NativeClass:/Script/Engine.StaticMeshActor Name:StaticMeshActor_UAID_7085C2A944C9697501_1850544206 Label:SM_FLifter SpatiallyLoaded:true EditorBounds:IsValid=true, Min=(X=2400.000 Y=1900.000 Z=50.000), Max=(X=2600.000 Y=2100.000 Z=150.000) RuntimeBounds:IsValid=true, Min=(X=2400.000 Y=1900.000 Z=50.000), Max=(X=2600.000 Y=2100.000 Z=150.000) RuntimeGrid:None EditorOnly:false RuntimeOnly:false HLODRelevant:true ListedInSceneOutliner:true IsMainWorldOnly:false
 |   |   |- Guid:3B0908214DD5C4C6C7013DAE4BFE3FCB NativeClass:/Script/Engine.SkyAtmosphere Name:SkyAtmosphere_0 Label:SkyAtmosphere SpatiallyLoaded:false EditorBounds:IsValid=true, Min=(X=0.000 Y=0.000 Z=1020.000), Max=(X=0.000 Y=0.000 Z=1020.000) RuntimeBounds:IsValid=true, Min=(X=0.000 Y=0.000 Z=1020.000), Max=(X=0.000 Y=0.000 Z=1020.000) RuntimeGrid:None EditorOnly:false RuntimeOnly:false HLODRelevant:false ListedInSceneOutliner:true IsMainWorldOnly:false FolderPath:Lighting FolderGuid:963EC3EB4002CCE9759E2EBA541A873A
 |   |   |- Guid:55E0D7D84739E4830B8E04946301A31A NativeClass:/Script/Engine.ExponentialHeightFog Name:ExponentialHeightFog_0 Label:ExponentialHeightFog SpatiallyLoaded:false EditorBounds:IsValid=true, Min=(X=-5600.000 Y=-50.000 Z=-6850.000), Max=(X=-5600.000 Y=-50.000 Z=-6850.000) RuntimeBounds:IsValid=true, Min=(X=-5600.000 Y=-50.000 Z=-6850.000), Max=(X=-5600.000 Y=-50.000 Z=-6850.000) RuntimeGrid:None EditorOnly:false RuntimeOnly:false HLODRelevant:false ListedInSceneOutliner:true IsMainWorldOnly:false FolderPath:Lighting FolderGuid:963EC3EB4002CCE9759E2EBA541A873A
 |   |   |- Guid:67A5658D4E25A2CF251C229DEB11156B NativeClass:/Script/Engine.SkyLight Name:SkyLight_1 Label:SkyLight SpatiallyLoaded:false EditorBounds:IsValid=true, Min=(X=0.000 Y=0.000 Z=690.000), Max=(X=0.000 Y=0.000 Z=690.000) RuntimeBounds:IsValid=true, Min=(X=0.000 Y=0.000 Z=690.000), Max=(X=0.000 Y=0.000 Z=690.000) RuntimeGrid:None EditorOnly:false RuntimeOnly:false HLODRelevant:false ListedInSceneOutliner:true IsMainWorldOnly:false FolderPath:Lighting FolderGuid:963EC3EB4002CCE9759E2EBA541A873A
 |   |   |- Guid:6850960E4C88E41FFB4BA3B612184262 NativeClass:/Script/Engine.StaticMeshActor Name:StaticMeshActor_UAID_7085C2A944C9697501_1879020210 Label:SM_Fsm90curveVert SpatiallyLoaded:true EditorBounds:IsValid=true, Min=(X=2550.000 Y=2200.000 Z=20.000), Max=(X=2900.000 Y=2400.000 Z=370.000) RuntimeBounds:IsValid=true, Min=(X=2550.000 Y=2200.000 Z=20.000), Max=(X=2900.000 Y=2400.000 Z=370.000) RuntimeGrid:None EditorOnly:false RuntimeOnly:false HLODRelevant:true ListedInSceneOutliner:true IsMainWorldOnly:false
 |   |   |- Guid:6C2F8B284B9170259E3E6E88947634E7 NativeClass:/Script/Engine.PostProcessVolume Name:PostProcessVolume_0 Label:PostProcessVolume SpatiallyLoaded:false EditorBounds:IsValid=true, Min=(X=0.000 Y=0.000 Z=400.000), Max=(X=200.000 Y=200.000 Z=600.000) RuntimeBounds:IsValid=true, Min=(X=0.000 Y=0.000 Z=400.000), Max=(X=200.000 Y=200.000 Z=600.000) RuntimeGrid:None EditorOnly:false RuntimeOnly:false HLODRelevant:false ListedInSceneOutliner:true IsMainWorldOnly:false FolderPath:Lighting FolderGuid:963EC3EB4002CCE9759E2EBA541A873A
 |   |   |- Guid:6E5A2EF840D5E61537B709BE695439DF NativeClass:/Script/Engine.PlayerStart Name:PlayerStart_0 Label:PlayerStart SpatiallyLoaded:false EditorBounds:IsValid=true, Min=(X=757.846 Y=1924.591 Z=20.063), Max=(X=837.846 Y=2004.591 Z=204.063) RuntimeBounds:IsValid=true, Min=(X=757.846 Y=1924.591 Z=20.063), Max=(X=837.846 Y=2004.591 Z=204.063) RuntimeGrid:None EditorOnly:false RuntimeOnly:false HLODRelevant:false ListedInSceneOutliner:true IsMainWorldOnly:false
 |   |   |- Guid:7D4677ED4D326E0AB4C4219983566768 NativeClass:/Script/Engine.StaticMeshActor Name:StaticMeshActor_1 Label:SM_Cube SpatiallyLoaded:true EditorBounds:IsValid=true, Min=(X=0.000 Y=0.000 Z=-30.000), Max=(X=3000.000 Y=3500.000 Z=20.000) RuntimeBounds:IsValid=true, Min=(X=0.000 Y=0.000 Z=-30.000), Max=(X=3000.000 Y=3500.000 Z=20.000) RuntimeGrid:None EditorOnly:false RuntimeOnly:false HLODRelevant:true ListedInSceneOutliner:true IsMainWorldOnly:false FolderPath:Playground FolderGuid:C73F09FC4215536B1DCE2A9E0A830C70
 |   |   |- Guid:7EFF0B1E491121FDACF0ECBC8961C237 NativeClass:/Script/Engine.StaticMeshActor Name:StaticMeshActor_UAID_7085C2A944C9697501_1833713203 Label:SM_CurveFlat90 SpatiallyLoaded:true EditorBounds:IsValid=true, Min=(X=1350.000 Y=200.039 Z=20.000), Max=(X=1949.961 Y=800.000 Z=170.900) RuntimeBounds:IsValid=true, Min=(X=1350.000 Y=200.039 Z=20.000), Max=(X=1949.961 Y=800.000 Z=170.900) RuntimeGrid:None EditorOnly:false RuntimeOnly:false HLODRelevant:true ListedInSceneOutliner:true IsMainWorldOnly:false
 |   |   |- Guid:86FFBF37480BE19A82843D884BB3FA7F NativeClass:/Script/Engine.StaticMeshActor Name:StaticMeshActor_UAID_7085C2A944C96A7501_1128220391 Label:SM_StraightHills SpatiallyLoaded:true EditorBounds:IsValid=true, Min=(X=500.000 Y=2550.000 Z=20.000), Max=(X=700.000 Y=3350.000 Z=173.837) RuntimeBounds:IsValid=true, Min=(X=500.000 Y=2550.000 Z=20.000), Max=(X=700.000 Y=3350.000 Z=173.837) RuntimeGrid:None EditorOnly:false RuntimeOnly:false HLODRelevant:true ListedInSceneOutliner:true IsMainWorldOnly:false
 |   |   |- Guid:9A20FA6A4827575687AA10AFFAEB5305 NativeClass:/Script/Engine.TriggerVolume Name:TriggerVolume_UAID_7085C2A944C9537501_1451138319 Label:LiftTrigger SpatiallyLoaded:true EditorBounds:IsValid=true, Min=(X=330.000 Y=2500.000 Z=-715.000), Max=(X=530.000 Y=2700.000 Z=-665.000) RuntimeBounds:IsValid=true, Min=(X=330.000 Y=2500.000 Z=-715.000), Max=(X=530.000 Y=2700.000 Z=-665.000) RuntimeGrid:None EditorOnly:false RuntimeOnly:false HLODRelevant:false ListedInSceneOutliner:true IsMainWorldOnly:false
 |   |   |- Guid:A91FD1634C74F601224AF59CCDA25330 NativeClass:/Script/Engine.StaticMeshActor Name:StaticMeshActor_UAID_7085C2A944C9697501_1797544200 Label:SM_Curve1_90Big SpatiallyLoaded:true EditorBounds:IsValid=true, Min=(X=2250.000 Y=2499.938 Z=20.032), Max=(X=2850.000 Y=2700.000 Z=620.000) RuntimeBounds:IsValid=true, Min=(X=2250.000 Y=2499.938 Z=20.032), Max=(X=2850.000 Y=2700.000 Z=620.000) RuntimeGrid:None EditorOnly:false RuntimeOnly:false HLODRelevant:true ListedInSceneOutliner:true IsMainWorldOnly:false
 |   |   |- Guid:AA19EFCC4B9485517F2A0DBC20484773 NativeClass:/Script/Engine.VolumetricCloud Name:VolumetricCloud_0 Label:VolumetricCloud SpatiallyLoaded:false EditorBounds:IsValid=true, Min=(X=0.000 Y=0.000 Z=820.000), Max=(X=0.000 Y=0.000 Z=820.000) RuntimeBounds:IsValid=true, Min=(X=0.000 Y=0.000 Z=820.000), Max=(X=0.000 Y=0.000 Z=820.000) RuntimeGrid:None EditorOnly:false RuntimeOnly:false HLODRelevant:false ListedInSceneOutliner:true IsMainWorldOnly:false FolderPath:Lighting FolderGuid:963EC3EB4002CCE9759E2EBA541A873A
 |   |   |- Guid:AA8D584D4657BECC38718F90B7D841E6 NativeClass:/Script/Engine.StaticMeshActor Name:StaticMeshActor_4 Label:SM_Cube6 SpatiallyLoaded:true EditorBounds:IsValid=true, Min=(X=2900.000 Y=100.000 Z=0.000), Max=(X=3000.000 Y=3400.000 Z=400.000) RuntimeBounds:IsValid=true, Min=(X=2900.000 Y=100.000 Z=0.000), Max=(X=3000.000 Y=3400.000 Z=400.000) RuntimeGrid:None EditorOnly:false RuntimeOnly:false HLODRelevant:true ListedInSceneOutliner:true IsMainWorldOnly:false FolderPath:Playground FolderGuid:C73F09FC4215536B1DCE2A9E0A830C70
 |   |   |- Guid:AC8E86494662082077E3C2900054D7ED NativeClass:/Script/Engine.StaticMeshActor Name:StaticMeshActor_5 Label:SM_Cube2 SpatiallyLoaded:true EditorBounds:IsValid=true, Min=(X=0.000 Y=0.000 Z=0.000), Max=(X=3000.000 Y=100.000 Z=400.000) RuntimeBounds:IsValid=true, Min=(X=0.000 Y=0.000 Z=0.000), Max=(X=3000.000 Y=100.000 Z=400.000) RuntimeGrid:None EditorOnly:false RuntimeOnly:false HLODRelevant:true ListedInSceneOutliner:true IsMainWorldOnly:false FolderPath:Playground FolderGuid:C73F09FC4215536B1DCE2A9E0A830C70
 |   |   |- Guid:ACFA5C2645E2FF6FA4AD148638080332 NativeClass:/Script/Engine.StaticMeshActor Name:StaticMeshActor_UAID_7085C2A944C9697501_1805673202 Label:SM_Curve3_135Big SpatiallyLoaded:true EditorBounds:IsValid=true, Min=(X=1825.759 Y=3150.000 Z=20.032), Max=(X=2850.000 Y=3350.000 Z=620.000) RuntimeBounds:IsValid=true, Min=(X=1825.759 Y=3150.000 Z=20.032), Max=(X=2850.000 Y=3350.000 Z=620.000) RuntimeGrid:None EditorOnly:false RuntimeOnly:false HLODRelevant:true ListedInSceneOutliner:true IsMainWorldOnly:false
 |   |   |- Guid:B62DC185443CC1D11282E7BEA4248A2D NativeClass:/Script/Engine.StaticMeshActor Name:StaticMeshActor_UAID_7085C2A944C9697501_1892328212 Label:SM_FunnelSmall SpatiallyLoaded:true EditorBounds:IsValid=true, Min=(X=2300.000 Y=750.000 Z=50.000), Max=(X=2600.000 Y=1050.000 Z=250.000) RuntimeBounds:IsValid=true, Min=(X=2300.000 Y=750.000 Z=50.000), Max=(X=2600.000 Y=1050.000 Z=250.000) RuntimeGrid:None EditorOnly:false RuntimeOnly:false HLODRelevant:true ListedInSceneOutliner:true IsMainWorldOnly:false
 |   |   |- Guid:B74DC5B74470DEABF70AAFA9FA18086C NativeClass:/Script/Engine.StaticMeshActor Name:StaticMeshActor_UAID_5C60BA7467BE8B5D02_1346619167 Label:Wk2Arch_Start SpatiallyLoaded:true EditorBounds:IsValid=true, Min=(X=1601.003 Y=1410.000 Z=20.000), Max=(X=1738.997 Y=1910.000 Z=703.214) RuntimeBounds:IsValid=true, Min=(X=1601.003 Y=1410.000 Z=20.000), Max=(X=1738.997 Y=1910.000 Z=703.214) RuntimeGrid:None EditorOnly:false RuntimeOnly:false HLODRelevant:true ListedInSceneOutliner:true IsMainWorldOnly:false
 |   |   |- Guid:B996151548B55E8FB3C0ED9D63AEEC9E NativeClass:/Script/Engine.StaticMeshActor Name:StaticMeshActor_UAID_7085C2A944C9697501_1840802204 Label:SM_DownFunnel SpatiallyLoaded:true EditorBounds:IsValid=true, Min=(X=2400.000 Y=1650.000 Z=50.000), Max=(X=2600.000 Y=1850.000 Z=150.000) RuntimeBounds:IsValid=true, Min=(X=2400.000 Y=1650.000 Z=50.000), Max=(X=2600.000 Y=1850.000 Z=150.000) RuntimeGrid:None EditorOnly:false RuntimeOnly:false HLODRelevant:true ListedInSceneOutliner:true IsMainWorldOnly:false
 |   |   |- Guid:BD25FF764356C47215D56E99D6EDE679 NativeClass:/Script/Engine.StaticMeshActor Name:StaticMeshActor_UAID_7085C2A944C96A7501_1170344392 Label:SM_SlopeSteep SpatiallyLoaded:true EditorBounds:IsValid=true, Min=(X=550.000 Y=100.000 Z=20.000), Max=(X=750.000 Y=900.000 Z=444.659) RuntimeBounds:IsValid=true, Min=(X=550.000 Y=100.000 Z=20.000), Max=(X=750.000 Y=900.000 Z=444.659) RuntimeGrid:None EditorOnly:false RuntimeOnly:false HLODRelevant:true ListedInSceneOutliner:true IsMainWorldOnly:false
 |   |   |- Guid:C24BEC024B7EF4FF9CF73681A8F191DB NativeClass:/Script/LevelSequence.LevelSequenceActor Name:LevelSequenceActor_UAID_7085C2A944C9537501_1670822320 Label:McLiftSeq SpatiallyLoaded:false EditorBounds:IsValid=true, Min=(X=270.000 Y=2570.000 Z=-710.000), Max=(X=270.000 Y=2570.000 Z=-710.000) RuntimeBounds:IsValid=true, Min=(X=270.000 Y=2570.000 Z=-710.000), Max=(X=270.000 Y=2570.000 Z=-710.000) RuntimeGrid:None EditorOnly:false RuntimeOnly:false HLODRelevant:false ListedInSceneOutliner:true IsMainWorldOnly:false
 |   |   |- Guid:D19EDC40427B5E7E43CA15A42078C51C NativeClass:/Script/Engine.StaticMeshActor Name:StaticMeshActor_UAID_A4AE111137DC5EFB00_1110535423 Label:SM_SkySphere SpatiallyLoaded:true EditorBounds:IsValid=true, Min=(X=-1638400.000 Y=-1638400.000 Z=-1638400.000), Max=(X=1638400.000 Y=1638400.000 Z=1638400.000) RuntimeBounds:IsValid=true, Min=(X=-1638400.000 Y=-1638400.000 Z=-1638400.000), Max=(X=1638400.000 Y=1638400.000 Z=1638400.000) RuntimeGrid:None EditorOnly:false RuntimeOnly:false HLODRelevant:true ListedInSceneOutliner:true IsMainWorldOnly:false FolderPath:Lighting FolderGuid:963EC3EB4002CCE9759E2EBA541A873A
 |   |   |- Guid:D80906DD49B4B2CC9C7DA6BA5D7BBCAF NativeClass:/Script/Engine.DirectionalLight Name:DirectionalLight_0 Label:DirectionalLight SpatiallyLoaded:false EditorBounds:IsValid=true, Min=(X=-1048576.000 Y=-1048576.000 Z=-1048576.000), Max=(X=1048576.000 Y=1048576.000 Z=1048576.000) RuntimeBounds:IsValid=true, Min=(X=-1048576.000 Y=-1048576.000 Z=-1048576.000), Max=(X=1048576.000 Y=1048576.000 Z=1048576.000) RuntimeGrid:None EditorOnly:false RuntimeOnly:false HLODRelevant:false ListedInSceneOutliner:true IsMainWorldOnly:false FolderPath:Lighting FolderGuid:963EC3EB4002CCE9759E2EBA541A873A
 |   |   |- Guid:DB61084141C6811503265C98D08DEA1B NativeClass:/Script/Engine.StaticMeshActor Name:StaticMeshActor_UAID_7085C2A944C9677501_2055980846 Label:Marble SpatiallyLoaded:true EditorBounds:IsValid=true, Min=(X=1010.000 Y=1410.000 Z=160.000), Max=(X=1110.000 Y=1510.000 Z=260.000) RuntimeBounds:IsValid=true, Min=(X=1010.000 Y=1410.000 Z=160.000), Max=(X=1110.000 Y=1510.000 Z=260.000) RuntimeGrid:None EditorOnly:false RuntimeOnly:false HLODRelevant:false ListedInSceneOutliner:true IsMainWorldOnly:false
 |   |   |- Guid:DCE7585440F0BF5DBF03BFA24E22B9BE NativeClass:/Script/Engine.StaticMeshActor Name:StaticMeshActor_6 Label:SM_Cube3 SpatiallyLoaded:true EditorBounds:IsValid=true, Min=(X=0.000 Y=3400.000 Z=0.000), Max=(X=3000.000 Y=3500.000 Z=400.000) RuntimeBounds:IsValid=true, Min=(X=0.000 Y=3400.000 Z=0.000), Max=(X=3000.000 Y=3500.000 Z=400.000) RuntimeGrid:None EditorOnly:false RuntimeOnly:false HLODRelevant:true ListedInSceneOutliner:true IsMainWorldOnly:false FolderPath:Playground FolderGuid:C73F09FC4215536B1DCE2A9E0A830C70
 |   |   |- Guid:E9D61EA7484402F70AFF3BB469D63EC0 NativeClass:/Script/Engine.StaticMeshActor Name:StaticMeshActor_UAID_7085C2A944C96A7501_1103844389 Label:SM_FDeadEnd SpatiallyLoaded:true EditorBounds:IsValid=true, Min=(X=1300.000 Y=2550.000 Z=20.000), Max=(X=1500.000 Y=3350.000 Z=181.638) RuntimeBounds:IsValid=true, Min=(X=1300.000 Y=2550.000 Z=20.000), Max=(X=1500.000 Y=3350.000 Z=181.638) RuntimeGrid:None EditorOnly:false RuntimeOnly:false HLODRelevant:true ListedInSceneOutliner:true IsMainWorldOnly:false
 |   |   |- Guid:EAFC63B34BE9EE040BFFA78AD49E4FAF NativeClass:/Script/Engine.WorldDataLayers Name:WorldDataLayers Label:WorldDataLayers-1 SpatiallyLoaded:false EditorBounds:IsValid=true, Min=(X=0.000 Y=0.000 Z=0.000), Max=(X=0.000 Y=0.000 Z=0.000) RuntimeBounds:IsValid=true, Min=(X=0.000 Y=0.000 Z=0.000), Max=(X=0.000 Y=0.000 Z=0.000) RuntimeGrid:None EditorOnly:false RuntimeOnly:false HLODRelevant:false ListedInSceneOutliner:true IsMainWorldOnly:true
 |   |   |- Guid:F4F90C7A4E641E05BE3A53B90016446A NativeClass:/Script/Engine.StaticMeshActor Name:StaticMeshActor_UAID_7085C2A944C9697501_1888758211 Label:SM_FunnelBig SpatiallyLoaded:true EditorBounds:IsValid=true, Min=(X=1950.001 Y=-99.999 Z=50.000), Max=(X=2949.999 Y=899.999 Z=581.653) RuntimeBounds:IsValid=true, Min=(X=1950.001 Y=-99.999 Z=50.000), Max=(X=2949.999 Y=899.999 Z=581.653) RuntimeGrid:None EditorOnly:false RuntimeOnly:false HLODRelevant:true ListedInSceneOutliner:true IsMainWorldOnly:false
 |   |   |- Guid:F4FC2B98486B187EFCE6B8B4496A91F9 NativeClass:/Script/Engine.StaticMeshActor Name:StaticMeshActor_UAID_7085C2A944C96A7501_1125523390 Label:SM_Straight SpatiallyLoaded:true EditorBounds:IsValid=true, Min=(X=900.000 Y=2550.000 Z=20.000), Max=(X=1100.000 Y=3350.000 Z=144.659) RuntimeBounds:IsValid=true, Min=(X=900.000 Y=2550.000 Z=20.000), Max=(X=1100.000 Y=3350.000 Z=144.659) RuntimeGrid:None EditorOnly:false RuntimeOnly:false HLODRelevant:true ListedInSceneOutliner:true IsMainWorldOnly:false
 |   |- [+] Clusters:
 |   |   |- [+] [  0]
 |   |   |   |- Guid:0D35782F46679B9B2154A48B591338B8 NativeClass:/Script/Engine.StaticMeshActor Name:StaticMeshActor_UAID_7085C2A944C96A7501_1172887393 Label:SM_SlopeLow SpatiallyLoaded:true EditorBounds:IsValid=true, Min=(X=900.000 Y=100.000 Z=20.000), Max=(X=1100.000 Y=900.000 Z=344.659) RuntimeBounds:IsValid=true, Min=(X=900.000 Y=100.000 Z=20.000), Max=(X=1100.000 Y=900.000 Z=344.659) RuntimeGrid:None EditorOnly:false RuntimeOnly:false HLODRelevant:true ListedInSceneOutliner:true IsMainWorldOnly:false
 |   |   |- [+] [  1]
 |   |   |   |- Guid:15D75BA040CE2FB4693A3CAE3DBA66B6 NativeClass:/Script/Engine.StaticMeshActor Name:StaticMeshActor_UAID_7085C2A944C9697501_1802707201 Label:SM_Curve2_112Big SpatiallyLoaded:true EditorBounds:IsValid=true, Min=(X=2020.402 Y=2800.000 Z=20.032), Max=(X=2850.000 Y=3000.000 Z=620.000) RuntimeBounds:IsValid=true, Min=(X=2020.402 Y=2800.000 Z=20.032), Max=(X=2850.000 Y=3000.000 Z=620.000) RuntimeGrid:None EditorOnly:false RuntimeOnly:false HLODRelevant:true ListedInSceneOutliner:true IsMainWorldOnly:false
 |   |   |- [+] [  2]
 |   |   |   |- Guid:2EBE80C8428211C9981775A4FF373CEE NativeClass:/Script/Engine.StaticMeshActor Name:StaticMeshActor_0 Label:SM_Cube5 SpatiallyLoaded:true EditorBounds:IsValid=true, Min=(X=-0.000 Y=100.000 Z=0.000), Max=(X=100.000 Y=3400.000 Z=400.000) RuntimeBounds:IsValid=true, Min=(X=-0.000 Y=100.000 Z=0.000), Max=(X=100.000 Y=3400.000 Z=400.000) RuntimeGrid:None EditorOnly:false RuntimeOnly:false HLODRelevant:true ListedInSceneOutliner:true IsMainWorldOnly:false FolderPath:Playground FolderGuid:C73F09FC4215536B1DCE2A9E0A830C70
 |   |   |- [+] [  3]
 |   |   |   |- Guid:2EDBEFA44C3D683D67A87B8A0C43DD15 NativeClass:/Script/Engine.TextRenderActor Name:TextRenderActor_1 Label:TextRenderActor SpatiallyLoaded:true EditorBounds:IsValid=true, Min=(X=-0.100 Y=1100.000 Z=65.013), Max=(X=-0.100 Y=2392.308 Z=215.013) RuntimeBounds:IsValid=true, Min=(X=-0.100 Y=1100.000 Z=65.013), Max=(X=-0.100 Y=2392.308 Z=215.013) RuntimeGrid:None EditorOnly:false RuntimeOnly:false HLODRelevant:false ListedInSceneOutliner:true IsMainWorldOnly:false
 |   |   |- [+] [  4]
 |   |   |   |- Guid:314CCABE48525A57B87ACD98A2D89528 NativeClass:/Script/Engine.StaticMeshActor Name:StaticMeshActor_UAID_7085C2A944C9697501_1843576205 Label:SM_DownSmall SpatiallyLoaded:true EditorBounds:IsValid=true, Min=(X=2400.000 Y=1400.000 Z=50.000), Max=(X=2600.000 Y=1600.000 Z=150.000) RuntimeBounds:IsValid=true, Min=(X=2400.000 Y=1400.000 Z=50.000), Max=(X=2600.000 Y=1600.000 Z=150.000) RuntimeGrid:None EditorOnly:false RuntimeOnly:false HLODRelevant:true ListedInSceneOutliner:true IsMainWorldOnly:false
 |   |   |- [+] [  5]
 |   |   |   |- Guid:3AF5D01E4EE652DA496F9AA6B5E6838D NativeClass:/Script/Engine.StaticMeshActor Name:StaticMeshActor_UAID_7085C2A944C9697501_1850544206 Label:SM_FLifter SpatiallyLoaded:true EditorBounds:IsValid=true, Min=(X=2400.000 Y=1900.000 Z=50.000), Max=(X=2600.000 Y=2100.000 Z=150.000) RuntimeBounds:IsValid=true, Min=(X=2400.000 Y=1900.000 Z=50.000), Max=(X=2600.000 Y=2100.000 Z=150.000) RuntimeGrid:None EditorOnly:false RuntimeOnly:false HLODRelevant:true ListedInSceneOutliner:true IsMainWorldOnly:false
 |   |   |- [+] [  6]
 |   |   |   |- Guid:3B0908214DD5C4C6C7013DAE4BFE3FCB NativeClass:/Script/Engine.SkyAtmosphere Name:SkyAtmosphere_0 Label:SkyAtmosphere SpatiallyLoaded:false EditorBounds:IsValid=true, Min=(X=0.000 Y=0.000 Z=1020.000), Max=(X=0.000 Y=0.000 Z=1020.000) RuntimeBounds:IsValid=true, Min=(X=0.000 Y=0.000 Z=1020.000), Max=(X=0.000 Y=0.000 Z=1020.000) RuntimeGrid:None EditorOnly:false RuntimeOnly:false HLODRelevant:false ListedInSceneOutliner:true IsMainWorldOnly:false FolderPath:Lighting FolderGuid:963EC3EB4002CCE9759E2EBA541A873A
 |   |   |- [+] [  7]
 |   |   |   |- Guid:55E0D7D84739E4830B8E04946301A31A NativeClass:/Script/Engine.ExponentialHeightFog Name:ExponentialHeightFog_0 Label:ExponentialHeightFog SpatiallyLoaded:false EditorBounds:IsValid=true, Min=(X=-5600.000 Y=-50.000 Z=-6850.000), Max=(X=-5600.000 Y=-50.000 Z=-6850.000) RuntimeBounds:IsValid=true, Min=(X=-5600.000 Y=-50.000 Z=-6850.000), Max=(X=-5600.000 Y=-50.000 Z=-6850.000) RuntimeGrid:None EditorOnly:false RuntimeOnly:false HLODRelevant:false ListedInSceneOutliner:true IsMainWorldOnly:false FolderPath:Lighting FolderGuid:963EC3EB4002CCE9759E2EBA541A873A
 |   |   |- [+] [  8]
 |   |   |   |- Guid:67A5658D4E25A2CF251C229DEB11156B NativeClass:/Script/Engine.SkyLight Name:SkyLight_1 Label:SkyLight SpatiallyLoaded:false EditorBounds:IsValid=true, Min=(X=0.000 Y=0.000 Z=690.000), Max=(X=0.000 Y=0.000 Z=690.000) RuntimeBounds:IsValid=true, Min=(X=0.000 Y=0.000 Z=690.000), Max=(X=0.000 Y=0.000 Z=690.000) RuntimeGrid:None EditorOnly:false RuntimeOnly:false HLODRelevant:false ListedInSceneOutliner:true IsMainWorldOnly:false FolderPath:Lighting FolderGuid:963EC3EB4002CCE9759E2EBA541A873A
 |   |   |- [+] [  9]
 |   |   |   |- Guid:6850960E4C88E41FFB4BA3B612184262 NativeClass:/Script/Engine.StaticMeshActor Name:StaticMeshActor_UAID_7085C2A944C9697501_1879020210 Label:SM_Fsm90curveVert SpatiallyLoaded:true EditorBounds:IsValid=true, Min=(X=2550.000 Y=2200.000 Z=20.000), Max=(X=2900.000 Y=2400.000 Z=370.000) RuntimeBounds:IsValid=true, Min=(X=2550.000 Y=2200.000 Z=20.000), Max=(X=2900.000 Y=2400.000 Z=370.000) RuntimeGrid:None EditorOnly:false RuntimeOnly:false HLODRelevant:true ListedInSceneOutliner:true IsMainWorldOnly:false
 |   |   |- [+] [ 10]
 |   |   |   |- Guid:6C2F8B284B9170259E3E6E88947634E7 NativeClass:/Script/Engine.PostProcessVolume Name:PostProcessVolume_0 Label:PostProcessVolume SpatiallyLoaded:false EditorBounds:IsValid=true, Min=(X=0.000 Y=0.000 Z=400.000), Max=(X=200.000 Y=200.000 Z=600.000) RuntimeBounds:IsValid=true, Min=(X=0.000 Y=0.000 Z=400.000), Max=(X=200.000 Y=200.000 Z=600.000) RuntimeGrid:None EditorOnly:false RuntimeOnly:false HLODRelevant:false ListedInSceneOutliner:true IsMainWorldOnly:false FolderPath:Lighting FolderGuid:963EC3EB4002CCE9759E2EBA541A873A
 |   |   |- [+] [ 11]
 |   |   |   |- Guid:6E5A2EF840D5E61537B709BE695439DF NativeClass:/Script/Engine.PlayerStart Name:PlayerStart_0 Label:PlayerStart SpatiallyLoaded:false EditorBounds:IsValid=true, Min=(X=757.846 Y=1924.591 Z=20.063), Max=(X=837.846 Y=2004.591 Z=204.063) RuntimeBounds:IsValid=true, Min=(X=757.846 Y=1924.591 Z=20.063), Max=(X=837.846 Y=2004.591 Z=204.063) RuntimeGrid:None EditorOnly:false RuntimeOnly:false HLODRelevant:false ListedInSceneOutliner:true IsMainWorldOnly:false
 |   |   |- [+] [ 12]
 |   |   |   |- Guid:7D4677ED4D326E0AB4C4219983566768 NativeClass:/Script/Engine.StaticMeshActor Name:StaticMeshActor_1 Label:SM_Cube SpatiallyLoaded:true EditorBounds:IsValid=true, Min=(X=0.000 Y=0.000 Z=-30.000), Max=(X=3000.000 Y=3500.000 Z=20.000) RuntimeBounds:IsValid=true, Min=(X=0.000 Y=0.000 Z=-30.000), Max=(X=3000.000 Y=3500.000 Z=20.000) RuntimeGrid:None EditorOnly:false RuntimeOnly:false HLODRelevant:true ListedInSceneOutliner:true IsMainWorldOnly:false FolderPath:Playground FolderGuid:C73F09FC4215536B1DCE2A9E0A830C70
 |   |   |- [+] [ 13]
 |   |   |   |- Guid:7EFF0B1E491121FDACF0ECBC8961C237 NativeClass:/Script/Engine.StaticMeshActor Name:StaticMeshActor_UAID_7085C2A944C9697501_1833713203 Label:SM_CurveFlat90 SpatiallyLoaded:true EditorBounds:IsValid=true, Min=(X=1350.000 Y=200.039 Z=20.000), Max=(X=1949.961 Y=800.000 Z=170.900) RuntimeBounds:IsValid=true, Min=(X=1350.000 Y=200.039 Z=20.000), Max=(X=1949.961 Y=800.000 Z=170.900) RuntimeGrid:None EditorOnly:false RuntimeOnly:false HLODRelevant:true ListedInSceneOutliner:true IsMainWorldOnly:false
 |   |   |- [+] [ 14]
 |   |   |   |- Guid:86FFBF37480BE19A82843D884BB3FA7F NativeClass:/Script/Engine.StaticMeshActor Name:StaticMeshActor_UAID_7085C2A944C96A7501_1128220391 Label:SM_StraightHills SpatiallyLoaded:true EditorBounds:IsValid=true, Min=(X=500.000 Y=2550.000 Z=20.000), Max=(X=700.000 Y=3350.000 Z=173.837) RuntimeBounds:IsValid=true, Min=(X=500.000 Y=2550.000 Z=20.000), Max=(X=700.000 Y=3350.000 Z=173.837) RuntimeGrid:None EditorOnly:false RuntimeOnly:false HLODRelevant:true ListedInSceneOutliner:true IsMainWorldOnly:false
 |   |   |- [+] [ 15]
 |   |   |   |- Guid:9A20FA6A4827575687AA10AFFAEB5305 NativeClass:/Script/Engine.TriggerVolume Name:TriggerVolume_UAID_7085C2A944C9537501_1451138319 Label:LiftTrigger SpatiallyLoaded:true EditorBounds:IsValid=true, Min=(X=330.000 Y=2500.000 Z=-715.000), Max=(X=530.000 Y=2700.000 Z=-665.000) RuntimeBounds:IsValid=true, Min=(X=330.000 Y=2500.000 Z=-715.000), Max=(X=530.000 Y=2700.000 Z=-665.000) RuntimeGrid:None EditorOnly:false RuntimeOnly:false HLODRelevant:false ListedInSceneOutliner:true IsMainWorldOnly:false
 |   |   |- [+] [ 16]
 |   |   |   |- Guid:A91FD1634C74F601224AF59CCDA25330 NativeClass:/Script/Engine.StaticMeshActor Name:StaticMeshActor_UAID_7085C2A944C9697501_1797544200 Label:SM_Curve1_90Big SpatiallyLoaded:true EditorBounds:IsValid=true, Min=(X=2250.000 Y=2499.938 Z=20.032), Max=(X=2850.000 Y=2700.000 Z=620.000) RuntimeBounds:IsValid=true, Min=(X=2250.000 Y=2499.938 Z=20.032), Max=(X=2850.000 Y=2700.000 Z=620.000) RuntimeGrid:None EditorOnly:false RuntimeOnly:false HLODRelevant:true ListedInSceneOutliner:true IsMainWorldOnly:false
 |   |   |- [+] [ 17]
 |   |   |   |- Guid:AA19EFCC4B9485517F2A0DBC20484773 NativeClass:/Script/Engine.VolumetricCloud Name:VolumetricCloud_0 Label:VolumetricCloud SpatiallyLoaded:false EditorBounds:IsValid=true, Min=(X=0.000 Y=0.000 Z=820.000), Max=(X=0.000 Y=0.000 Z=820.000) RuntimeBounds:IsValid=true, Min=(X=0.000 Y=0.000 Z=820.000), Max=(X=0.000 Y=0.000 Z=820.000) RuntimeGrid:None EditorOnly:false RuntimeOnly:false HLODRelevant:false ListedInSceneOutliner:true IsMainWorldOnly:false FolderPath:Lighting FolderGuid:963EC3EB4002CCE9759E2EBA541A873A
 |   |   |- [+] [ 18]
 |   |   |   |- Guid:AA8D584D4657BECC38718F90B7D841E6 NativeClass:/Script/Engine.StaticMeshActor Name:StaticMeshActor_4 Label:SM_Cube6 SpatiallyLoaded:true EditorBounds:IsValid=true, Min=(X=2900.000 Y=100.000 Z=0.000), Max=(X=3000.000 Y=3400.000 Z=400.000) RuntimeBounds:IsValid=true, Min=(X=2900.000 Y=100.000 Z=0.000), Max=(X=3000.000 Y=3400.000 Z=400.000) RuntimeGrid:None EditorOnly:false RuntimeOnly:false HLODRelevant:true ListedInSceneOutliner:true IsMainWorldOnly:false FolderPath:Playground FolderGuid:C73F09FC4215536B1DCE2A9E0A830C70
 |   |   |- [+] [ 19]
 |   |   |   |- Guid:AC8E86494662082077E3C2900054D7ED NativeClass:/Script/Engine.StaticMeshActor Name:StaticMeshActor_5 Label:SM_Cube2 SpatiallyLoaded:true EditorBounds:IsValid=true, Min=(X=0.000 Y=0.000 Z=0.000), Max=(X=3000.000 Y=100.000 Z=400.000) RuntimeBounds:IsValid=true, Min=(X=0.000 Y=0.000 Z=0.000), Max=(X=3000.000 Y=100.000 Z=400.000) RuntimeGrid:None EditorOnly:false RuntimeOnly:false HLODRelevant:true ListedInSceneOutliner:true IsMainWorldOnly:false FolderPath:Playground FolderGuid:C73F09FC4215536B1DCE2A9E0A830C70
 |   |   |- [+] [ 20]
 |   |   |   |- Guid:ACFA5C2645E2FF6FA4AD148638080332 NativeClass:/Script/Engine.StaticMeshActor Name:StaticMeshActor_UAID_7085C2A944C9697501_1805673202 Label:SM_Curve3_135Big SpatiallyLoaded:true EditorBounds:IsValid=true, Min=(X=1825.759 Y=3150.000 Z=20.032), Max=(X=2850.000 Y=3350.000 Z=620.000) RuntimeBounds:IsValid=true, Min=(X=1825.759 Y=3150.000 Z=20.032), Max=(X=2850.000 Y=3350.000 Z=620.000) RuntimeGrid:None EditorOnly:false RuntimeOnly:false HLODRelevant:true ListedInSceneOutliner:true IsMainWorldOnly:false
 |   |   |- [+] [ 21]
 |   |   |   |- Guid:B62DC185443CC1D11282E7BEA4248A2D NativeClass:/Script/Engine.StaticMeshActor Name:StaticMeshActor_UAID_7085C2A944C9697501_1892328212 Label:SM_FunnelSmall SpatiallyLoaded:true EditorBounds:IsValid=true, Min=(X=2300.000 Y=750.000 Z=50.000), Max=(X=2600.000 Y=1050.000 Z=250.000) RuntimeBounds:IsValid=true, Min=(X=2300.000 Y=750.000 Z=50.000), Max=(X=2600.000 Y=1050.000 Z=250.000) RuntimeGrid:None EditorOnly:false RuntimeOnly:false HLODRelevant:true ListedInSceneOutliner:true IsMainWorldOnly:false
 |   |   |- [+] [ 22]
 |   |   |   |- Guid:B74DC5B74470DEABF70AAFA9FA18086C NativeClass:/Script/Engine.StaticMeshActor Name:StaticMeshActor_UAID_5C60BA7467BE8B5D02_1346619167 Label:Wk2Arch_Start SpatiallyLoaded:true EditorBounds:IsValid=true, Min=(X=1601.003 Y=1410.000 Z=20.000), Max=(X=1738.997 Y=1910.000 Z=703.214) RuntimeBounds:IsValid=true, Min=(X=1601.003 Y=1410.000 Z=20.000), Max=(X=1738.997 Y=1910.000 Z=703.214) RuntimeGrid:None EditorOnly:false RuntimeOnly:false HLODRelevant:true ListedInSceneOutliner:true IsMainWorldOnly:false
 |   |   |- [+] [ 23]
 |   |   |   |- Guid:B996151548B55E8FB3C0ED9D63AEEC9E NativeClass:/Script/Engine.StaticMeshActor Name:StaticMeshActor_UAID_7085C2A944C9697501_1840802204 Label:SM_DownFunnel SpatiallyLoaded:true EditorBounds:IsValid=true, Min=(X=2400.000 Y=1650.000 Z=50.000), Max=(X=2600.000 Y=1850.000 Z=150.000) RuntimeBounds:IsValid=true, Min=(X=2400.000 Y=1650.000 Z=50.000), Max=(X=2600.000 Y=1850.000 Z=150.000) RuntimeGrid:None EditorOnly:false RuntimeOnly:false HLODRelevant:true ListedInSceneOutliner:true IsMainWorldOnly:false
 |   |   |- [+] [ 24]
 |   |   |   |- Guid:BD25FF764356C47215D56E99D6EDE679 NativeClass:/Script/Engine.StaticMeshActor Name:StaticMeshActor_UAID_7085C2A944C96A7501_1170344392 Label:SM_SlopeSteep SpatiallyLoaded:true EditorBounds:IsValid=true, Min=(X=550.000 Y=100.000 Z=20.000), Max=(X=750.000 Y=900.000 Z=444.659) RuntimeBounds:IsValid=true, Min=(X=550.000 Y=100.000 Z=20.000), Max=(X=750.000 Y=900.000 Z=444.659) RuntimeGrid:None EditorOnly:false RuntimeOnly:false HLODRelevant:true ListedInSceneOutliner:true IsMainWorldOnly:false
 |   |   |- [+] [ 25]
 |   |   |   |- Guid:C24BEC024B7EF4FF9CF73681A8F191DB NativeClass:/Script/LevelSequence.LevelSequenceActor Name:LevelSequenceActor_UAID_7085C2A944C9537501_1670822320 Label:McLiftSeq SpatiallyLoaded:false EditorBounds:IsValid=true, Min=(X=270.000 Y=2570.000 Z=-710.000), Max=(X=270.000 Y=2570.000 Z=-710.000) RuntimeBounds:IsValid=true, Min=(X=270.000 Y=2570.000 Z=-710.000), Max=(X=270.000 Y=2570.000 Z=-710.000) RuntimeGrid:None EditorOnly:false RuntimeOnly:false HLODRelevant:false ListedInSceneOutliner:true IsMainWorldOnly:false
 |   |   |- [+] [ 26]
 |   |   |   |- Guid:D19EDC40427B5E7E43CA15A42078C51C NativeClass:/Script/Engine.StaticMeshActor Name:StaticMeshActor_UAID_A4AE111137DC5EFB00_1110535423 Label:SM_SkySphere SpatiallyLoaded:true EditorBounds:IsValid=true, Min=(X=-1638400.000 Y=-1638400.000 Z=-1638400.000), Max=(X=1638400.000 Y=1638400.000 Z=1638400.000) RuntimeBounds:IsValid=true, Min=(X=-1638400.000 Y=-1638400.000 Z=-1638400.000), Max=(X=1638400.000 Y=1638400.000 Z=1638400.000) RuntimeGrid:None EditorOnly:false RuntimeOnly:false HLODRelevant:true ListedInSceneOutliner:true IsMainWorldOnly:false FolderPath:Lighting FolderGuid:963EC3EB4002CCE9759E2EBA541A873A
 |   |   |- [+] [ 27]
 |   |   |   |- Guid:D80906DD49B4B2CC9C7DA6BA5D7BBCAF NativeClass:/Script/Engine.DirectionalLight Name:DirectionalLight_0 Label:DirectionalLight SpatiallyLoaded:false EditorBounds:IsValid=true, Min=(X=-1048576.000 Y=-1048576.000 Z=-1048576.000), Max=(X=1048576.000 Y=1048576.000 Z=1048576.000) RuntimeBounds:IsValid=true, Min=(X=-1048576.000 Y=-1048576.000 Z=-1048576.000), Max=(X=1048576.000 Y=1048576.000 Z=1048576.000) RuntimeGrid:None EditorOnly:false RuntimeOnly:false HLODRelevant:false ListedInSceneOutliner:true IsMainWorldOnly:false FolderPath:Lighting FolderGuid:963EC3EB4002CCE9759E2EBA541A873A
 |   |   |- [+] [ 28]
 |   |   |   |- Guid:DB61084141C6811503265C98D08DEA1B NativeClass:/Script/Engine.StaticMeshActor Name:StaticMeshActor_UAID_7085C2A944C9677501_2055980846 Label:Marble SpatiallyLoaded:true EditorBounds:IsValid=true, Min=(X=1010.000 Y=1410.000 Z=160.000), Max=(X=1110.000 Y=1510.000 Z=260.000) RuntimeBounds:IsValid=true, Min=(X=1010.000 Y=1410.000 Z=160.000), Max=(X=1110.000 Y=1510.000 Z=260.000) RuntimeGrid:None EditorOnly:false RuntimeOnly:false HLODRelevant:false ListedInSceneOutliner:true IsMainWorldOnly:false
 |   |   |- [+] [ 29]
 |   |   |   |- Guid:DCE7585440F0BF5DBF03BFA24E22B9BE NativeClass:/Script/Engine.StaticMeshActor Name:StaticMeshActor_6 Label:SM_Cube3 SpatiallyLoaded:true EditorBounds:IsValid=true, Min=(X=0.000 Y=3400.000 Z=0.000), Max=(X=3000.000 Y=3500.000 Z=400.000) RuntimeBounds:IsValid=true, Min=(X=0.000 Y=3400.000 Z=0.000), Max=(X=3000.000 Y=3500.000 Z=400.000) RuntimeGrid:None EditorOnly:false RuntimeOnly:false HLODRelevant:true ListedInSceneOutliner:true IsMainWorldOnly:false FolderPath:Playground FolderGuid:C73F09FC4215536B1DCE2A9E0A830C70
 |   |   |- [+] [ 30]
 |   |   |   |- Guid:E9D61EA7484402F70AFF3BB469D63EC0 NativeClass:/Script/Engine.StaticMeshActor Name:StaticMeshActor_UAID_7085C2A944C96A7501_1103844389 Label:SM_FDeadEnd SpatiallyLoaded:true EditorBounds:IsValid=true, Min=(X=1300.000 Y=2550.000 Z=20.000), Max=(X=1500.000 Y=3350.000 Z=181.638) RuntimeBounds:IsValid=true, Min=(X=1300.000 Y=2550.000 Z=20.000), Max=(X=1500.000 Y=3350.000 Z=181.638) RuntimeGrid:None EditorOnly:false RuntimeOnly:false HLODRelevant:true ListedInSceneOutliner:true IsMainWorldOnly:false
 |   |   |- [+] [ 31]
 |   |   |   |- Guid:EAFC63B34BE9EE040BFFA78AD49E4FAF NativeClass:/Script/Engine.WorldDataLayers Name:WorldDataLayers Label:WorldDataLayers-1 SpatiallyLoaded:false EditorBounds:IsValid=true, Min=(X=0.000 Y=0.000 Z=0.000), Max=(X=0.000 Y=0.000 Z=0.000) RuntimeBounds:IsValid=true, Min=(X=0.000 Y=0.000 Z=0.000), Max=(X=0.000 Y=0.000 Z=0.000) RuntimeGrid:None EditorOnly:false RuntimeOnly:false HLODRelevant:false ListedInSceneOutliner:true IsMainWorldOnly:true
 |   |   |- [+] [ 32]
 |   |   |   |- Guid:F4F90C7A4E641E05BE3A53B90016446A NativeClass:/Script/Engine.StaticMeshActor Name:StaticMeshActor_UAID_7085C2A944C9697501_1888758211 Label:SM_FunnelBig SpatiallyLoaded:true EditorBounds:IsValid=true, Min=(X=1950.001 Y=-99.999 Z=50.000), Max=(X=2949.999 Y=899.999 Z=581.653) RuntimeBounds:IsValid=true, Min=(X=1950.001 Y=-99.999 Z=50.000), Max=(X=2949.999 Y=899.999 Z=581.653) RuntimeGrid:None EditorOnly:false RuntimeOnly:false HLODRelevant:true ListedInSceneOutliner:true IsMainWorldOnly:false
 |   |   |- [+] [ 33]
 |   |   |   |- Guid:F4FC2B98486B187EFCE6B8B4496A91F9 NativeClass:/Script/Engine.StaticMeshActor Name:StaticMeshActor_UAID_7085C2A944C96A7501_1125523390 Label:SM_Straight SpatiallyLoaded:true EditorBounds:IsValid=true, Min=(X=900.000 Y=2550.000 Z=20.000), Max=(X=1100.000 Y=3350.000 Z=144.659) RuntimeBounds:IsValid=true, Min=(X=900.000 Y=2550.000 Z=20.000), Max=(X=1100.000 Y=3350.000 Z=144.659) RuntimeGrid:None EditorOnly:false RuntimeOnly:false HLODRelevant:true ListedInSceneOutliner:true IsMainWorldOnly:false
 |- ContainerInstances:
 |- [+] MainContainer:
 |   |-        ID: 00000000000000000000000000000000
 |   |-  ParentID: 00000000000000000000000000000000
 |   |-    Bounds: IsValid=false, Min=(X=0.000 Y=0.000 Z=0.000), Max=(X=0.000 Y=0.000 Z=0.000)
 |   |- Transform: 0.000000,0.000000,0.000000|0.000000,0.000000,-0.000000|1.000000,1.000000,1.000000
 |   |- Container: /Game/Map/MarbleMap_default
----------------------------------------------------------------------------------------------------------------
MarbleMap_default - Persistent Level
----------------------------------------------------------------------------------------------------------------
[+] Content of MarbleMap_default Persistent Level
 |- Always loaded Actor Count: 34 
 |- Actor Path: /Game/Map/MarbleMap_default.MarbleMap_default:PersistentLevel.DirectionalLight_0
 |- Actor Package: /Game/__ExternalActors__/Map/MarbleMap_default/4/XC/JK0FFV1EWTK2SACFNPRQ5V
 |- Actor Path: /Game/Map/MarbleMap_default.MarbleMap_default:PersistentLevel.ExponentialHeightFog_0
 |- Actor Package: /Game/__ExternalActors__/Map/MarbleMap_default/2/0L/4WRDLWNHMS8JG9TF2X47B9
 |- Actor Path: /Game/Map/MarbleMap_default.MarbleMap_default:PersistentLevel.LevelSequenceActor_UAID_7085C2A944C9537501_1670822320
 |- Actor Package: /Game/__ExternalActors__/Map/MarbleMap_default/6/L8/7ZJV5JCSE7GDCVR7DEO9AU
 |- Actor Path: /Game/Map/MarbleMap_default.MarbleMap_default:PersistentLevel.PlayerStart_0
 |- Actor Package: /Game/__ExternalActors__/Map/MarbleMap_default/7/N5/K4HPSGUU3YFVZITSFLLFGQ
 |- Actor Path: /Game/Map/MarbleMap_default.MarbleMap_default:PersistentLevel.PostProcessVolume_0
 |- Actor Package: /Game/__ExternalActors__/Map/MarbleMap_default/C/7J/JC8DDQAK0WCT7P1XVGDE3Q
 |- Actor Path: /Game/Map/MarbleMap_default.MarbleMap_default:PersistentLevel.SkyAtmosphere_0
 |- Actor Package: /Game/__ExternalActors__/Map/MarbleMap_default/6/6I/AFN2XVVZ8PLKR093QH9GG6
 |- Actor Path: /Game/Map/MarbleMap_default.MarbleMap_default:PersistentLevel.SkyLight_1
 |- Actor Package: /Game/__ExternalActors__/Map/MarbleMap_default/6/FR/K6NGCHXMV8XYPN99YHEGC3
 |- Actor Path: /Game/Map/MarbleMap_default.MarbleMap_default:PersistentLevel.StaticMeshActor_0
 |- Actor Package: /Game/__ExternalActors__/Map/MarbleMap_default/8/4J/FGF20HB0CLB73GOD81BQ19
 |- Actor Path: /Game/Map/MarbleMap_default.MarbleMap_default:PersistentLevel.StaticMeshActor_1
 |- Actor Package: /Game/__ExternalActors__/Map/MarbleMap_default/6/NQ/BEPW93AUFF0PU7TIPL68ES
 |- Actor Path: /Game/Map/MarbleMap_default.MarbleMap_default:PersistentLevel.StaticMeshActor_4
 |- Actor Package: /Game/__ExternalActors__/Map/MarbleMap_default/7/PR/KKMZN23UVA9UFOVNVRHQZ9
 |- Actor Path: /Game/Map/MarbleMap_default.MarbleMap_default:PersistentLevel.StaticMeshActor_5
 |- Actor Package: /Game/__ExternalActors__/Map/MarbleMap_default/6/F3/JLR9ALCA6BSG9WNJD5M0X4
 |- Actor Path: /Game/Map/MarbleMap_default.MarbleMap_default:PersistentLevel.StaticMeshActor_6
 |- Actor Package: /Game/__ExternalActors__/Map/MarbleMap_default/7/KB/VCZ07Y44GR1UOC044YU739
 |- Actor Path: /Game/Map/MarbleMap_default.MarbleMap_default:PersistentLevel.StaticMeshActor_UAID_5C60BA7467BE8B5D02_1346619167
 |- Actor Package: /Game/__ExternalActors__/Map/MarbleMap_default/9/AV/ZLIFAFZ0TBR21LP7524TSU
 |- Actor Path: /Game/Map/MarbleMap_default.MarbleMap_default:PersistentLevel.StaticMeshActor_UAID_7085C2A944C9677501_2055980846
 |- Actor Package: /Game/__ExternalActors__/Map/MarbleMap_default/C/C1/GIEQIV5BDKOV2S6U9UKYXC
 |- Actor Path: /Game/Map/MarbleMap_default.MarbleMap_default:PersistentLevel.StaticMeshActor_UAID_7085C2A944C9697501_1797544200
 |- Actor Package: /Game/__ExternalActors__/Map/MarbleMap_default/2/2N/1TTV8M94IXOS6W2JK7OAIT
 |- Actor Path: /Game/Map/MarbleMap_default.MarbleMap_default:PersistentLevel.StaticMeshActor_UAID_7085C2A944C9697501_1802707201
 |- Actor Package: /Game/__ExternalActors__/Map/MarbleMap_default/3/OS/SZ8UQLE5GQKPJWUI6G2AYU
 |- Actor Path: /Game/Map/MarbleMap_default.MarbleMap_default:PersistentLevel.StaticMeshActor_UAID_7085C2A944C9697501_1805673202
 |- Actor Package: /Game/__ExternalActors__/Map/MarbleMap_default/1/LW/D9M18G1OLJYYJUNFT7DU21
 |- Actor Path: /Game/Map/MarbleMap_default.MarbleMap_default:PersistentLevel.StaticMeshActor_UAID_7085C2A944C9697501_1833713203
 |- Actor Package: /Game/__ExternalActors__/Map/MarbleMap_default/5/Y6/E0Y5WXUFLQ6QWK1AYUOOCQ
 |- Actor Path: /Game/Map/MarbleMap_default.MarbleMap_default:PersistentLevel.StaticMeshActor_UAID_7085C2A944C9697501_1840802204
 |- Actor Package: /Game/__ExternalActors__/Map/MarbleMap_default/0/T1/OR78HQLGBDHIFA7R4IZO3E
 |- Actor Path: /Game/Map/MarbleMap_default.MarbleMap_default:PersistentLevel.StaticMeshActor_UAID_7085C2A944C9697501_1843576205
 |- Actor Package: /Game/__ExternalActors__/Map/MarbleMap_default/3/9I/CN8PFAUE8LMM5MRP4ZFEW3
 |- Actor Path: /Game/Map/MarbleMap_default.MarbleMap_default:PersistentLevel.StaticMeshActor_UAID_7085C2A944C9697501_1850544206
 |- Actor Package: /Game/__ExternalActors__/Map/MarbleMap_default/2/TJ/JFGQMU5TR6FZQTWXDCHQ18
 |- Actor Path: /Game/Map/MarbleMap_default.MarbleMap_default:PersistentLevel.StaticMeshActor_UAID_7085C2A944C9697501_1879020210
 |- Actor Package: /Game/__ExternalActors__/Map/MarbleMap_default/9/JB/17E7IPSG0S429389I5PWNH
 |- Actor Path: /Game/Map/MarbleMap_default.MarbleMap_default:PersistentLevel.StaticMeshActor_UAID_7085C2A944C9697501_1888758211
 |- Actor Package: /Game/__ExternalActors__/Map/MarbleMap_default/3/J7/AXX6OI7JRQ96MDI9GUOINQ
 |- Actor Path: /Game/Map/MarbleMap_default.MarbleMap_default:PersistentLevel.StaticMeshActor_UAID_7085C2A944C9697501_1892328212
 |- Actor Package: /Game/__ExternalActors__/Map/MarbleMap_default/1/XC/77YHU76I5RNQLP3WE4JDRA
 |- Actor Path: /Game/Map/MarbleMap_default.MarbleMap_default:PersistentLevel.StaticMeshActor_UAID_7085C2A944C96A7501_1103844389
 |- Actor Package: /Game/__ExternalActors__/Map/MarbleMap_default/C/2P/0UDV16RNINQ3CWTZR43CCZ
 |- Actor Path: /Game/Map/MarbleMap_default.MarbleMap_default:PersistentLevel.StaticMeshActor_UAID_7085C2A944C96A7501_1125523390
 |- Actor Package: /Game/__ExternalActors__/Map/MarbleMap_default/5/A5/42GFQHAT61R4VY537PLKIS
 |- Actor Path: /Game/Map/MarbleMap_default.MarbleMap_default:PersistentLevel.StaticMeshActor_UAID_7085C2A944C96A7501_1128220391
 |- Actor Package: /Game/__ExternalActors__/Map/MarbleMap_default/9/1E/3MKWU0EW39YD06I5ZC9546
 |- Actor Path: /Game/Map/MarbleMap_default.MarbleMap_default:PersistentLevel.StaticMeshActor_UAID_7085C2A944C96A7501_1170344392
 |- Actor Package: /Game/__ExternalActors__/Map/MarbleMap_default/5/7S/UHZS7QA99023EVB410PQMP
 |- Actor Path: /Game/Map/MarbleMap_default.MarbleMap_default:PersistentLevel.StaticMeshActor_UAID_7085C2A944C96A7501_1172887393
 |- Actor Package: /Game/__ExternalActors__/Map/MarbleMap_default/1/XK/UGYY8G7MN60XEDM856GPYM
 |- Actor Path: /Game/Map/MarbleMap_default.MarbleMap_default:PersistentLevel.StaticMeshActor_UAID_A4AE111137DC5EFB00_1110535423
 |- Actor Package: /Game/__ExternalActors__/Map/MarbleMap_default/8/P4/7LJ9IXW9VSVISQK59H1E94
 |- Actor Path: /Game/Map/MarbleMap_default.MarbleMap_default:PersistentLevel.TextRenderActor_1
 |- Actor Package: /Game/__ExternalActors__/Map/MarbleMap_default/C/KY/V61RSJYBBCOSH8SEQXW10C
 |- Actor Path: /Game/Map/MarbleMap_default.MarbleMap_default:PersistentLevel.TriggerVolume_UAID_7085C2A944C9537501_1451138319
 |- Actor Package: /Game/__ExternalActors__/Map/MarbleMap_default/B/ZG/NOZD2I0MHB0S697OBO0QDB
 |- Actor Path: /Game/Map/MarbleMap_default.MarbleMap_default:PersistentLevel.VolumetricCloud_0
 |- Actor Package: /Game/__ExternalActors__/Map/MarbleMap_default/1/LU/5BHCXO6TALUTQDRR76Z5QG
 |- Actor Path: /Game/Map/MarbleMap_default.MarbleMap_default:PersistentLevel.WorldDataLayers
 |- Actor Package: /Game/__ExternalActors__/Map/MarbleMap_default/3/MB/VO7UL6KDGHEVTMK6BIEI4Y

----------------------------------------------------------------------------------------------------------------
MarbleMap_default - Runtime Spatial Hash
----------------------------------------------------------------------------------------------------------------
[+] StreamingGrids
 |- [+] MainGrid
 |   |-             Origin: X=0.000 Y=0.000 Z=0.000
 |   |-          Cell Size: 12800
 |   |-       World Bounds: IsValid=false, Min=(X=0.000 Y=0.000 Z=0.000), Max=(X=0.000 Y=0.000 Z=0.000)
 |   |-      Loading Range: 25600.00
 |   |- Block Slow Loading: No
 |   |-  ClientOnlyVisible: No
 |   |- 
 |   |- [+] Grid Levels: 1
 |   |   |- Level  0: Cell Count    0 | Cell Size   12800 | Actor Count    0 (0.0%)
 |   |- 
 |   |- [+] Content of Grid Level 0
 |   |- 
